26-Nov-2023 07:16:23.121 INFO [main] org.apache.catalina.core.ApplicationContext.log ContextListener: contextInitialized()
26-Nov-2023 07:16:23.121 INFO [main] org.apache.catalina.core.ApplicationContext.log SessionListener: contextInitialized()
26-Nov-2023 07:16:23.121 INFO [main] org.apache.catalina.core.ApplicationContext.log ContextListener: attributeAdded('StockTicker', 'async.Stockticker@168ff82')
26-Nov-2023 07:18:35.763 INFO [main] org.apache.catalina.core.ApplicationContext.log ContextListener: contextInitialized()
26-Nov-2023 07:18:35.763 INFO [main] org.apache.catalina.core.ApplicationContext.log SessionListener: contextInitialized()
26-Nov-2023 07:18:35.763 INFO [main] org.apache.catalina.core.ApplicationContext.log ContextListener: attributeAdded('StockTicker', 'async.Stockticker@168ff82')
26-Nov-2023 07:19:08.371 INFO [main] org.apache.catalina.core.ApplicationContext.log ContextListener: contextInitialized()
26-Nov-2023 07:19:08.386 INFO [main] org.apache.catalina.core.ApplicationContext.log SessionListener: contextInitialized()
26-Nov-2023 07:19:08.386 INFO [main] org.apache.catalina.core.ApplicationContext.log ContextListener: attributeAdded('StockTicker', 'async.Stockticker@168ff82')
26-Nov-2023 07:22:04.058 INFO [http-nio-80-exec-10] org.apache.catalina.core.ApplicationContext.log Marking servlet [UserServlet] as unavailable
26-Nov-2023 07:22:04.058 SEVERE [http-nio-80-exec-10] org.apache.catalina.core.StandardWrapperValve.invoke Allocate exception for servlet [UserServlet]
	java.lang.UnsupportedClassVersionError: controller/UserServlet has been compiled by a more recent version of the Java Runtime (class file version 64.0), this version of the Java Runtime only recognizes class file versions up to 52.0 (unable to load class [controller.UserServlet])
		at org.apache.catalina.loader.WebappClassLoaderBase.findClassInternal(WebappClassLoaderBase.java:2472)
		at org.apache.catalina.loader.WebappClassLoaderBase.findClass(WebappClassLoaderBase.java:875)
		at org.apache.catalina.loader.WebappClassLoaderBase.loadClass(WebappClassLoaderBase.java:1376)
		at org.apache.catalina.loader.WebappClassLoaderBase.loadClass(WebappClassLoaderBase.java:1220)
		at org.apache.catalina.core.DefaultInstanceManager.loadClass(DefaultInstanceManager.java:488)
		at org.apache.catalina.core.DefaultInstanceManager.loadClassMaybePrivileged(DefaultInstanceManager.java:470)
		at org.apache.catalina.core.DefaultInstanceManager.newInstance(DefaultInstanceManager.java:142)
		at org.apache.catalina.core.StandardWrapper.loadServlet(StandardWrapper.java:1020)
		at org.apache.catalina.core.StandardWrapper.allocate(StandardWrapper.java:747)
		at org.apache.catalina.core.StandardWrapperValve.invoke(StandardWrapperValve.java:116)
		at org.apache.catalina.core.StandardContextValve.invoke(StandardContextValve.java:90)
		at org.apache.catalina.authenticator.AuthenticatorBase.invoke(AuthenticatorBase.java:481)
		at org.apache.catalina.core.StandardHostValve.invoke(StandardHostValve.java:130)
		at org.apache.catalina.valves.ErrorReportValve.invoke(ErrorReportValve.java:93)
		at org.apache.catalina.valves.AbstractAccessLogValve.invoke(AbstractAccessLogValve.java:670)
		at org.apache.catalina.core.StandardEngineValve.invoke(StandardEngineValve.java:74)
		at org.apache.catalina.connector.CoyoteAdapter.service(CoyoteAdapter.java:343)
		at org.apache.coyote.http11.Http11Processor.service(Http11Processor.java:390)
		at org.apache.coyote.AbstractProcessorLight.process(AbstractProcessorLight.java:63)
		at org.apache.coyote.AbstractProtocol$ConnectionHandler.process(AbstractProtocol.java:926)
		at org.apache.tomcat.util.net.NioEndpoint$SocketProcessor.doRun(NioEndpoint.java:1790)
		at org.apache.tomcat.util.net.SocketProcessorBase.run(SocketProcessorBase.java:52)
		at org.apache.tomcat.util.threads.ThreadPoolExecutor.runWorker(ThreadPoolExecutor.java:1191)
		at org.apache.tomcat.util.threads.ThreadPoolExecutor$Worker.run(ThreadPoolExecutor.java:659)
		at org.apache.tomcat.util.threads.TaskThread$WrappingRunnable.run(TaskThread.java:61)
		at java.lang.Thread.run(Unknown Source)
